<?xml version="1.0" encoding="UTF-8"?>
<!-- Generated by org.testng.reporters.JUnitReportReporter -->
<testsuite skipped="0" hostname="pc" name="com.autodiskcrm.orgtest.CreateOrganizationTest" tests="2" failures="0" timestamp="2020-08-10T10:22:27 IST" time="90.687" errors="0">
  <testcase name="createOrgeithTypeTest" time="50.094" classname="com.autodiskcrm.orgtest.CreateOrganizationTest"/>
  <system-out/>
  <testcase name="createOrg" time="40.593" classname="com.autodiskcrm.orgtest.CreateOrganizationTest"/>
  <system-out/>
</testsuite> <!-- com.autodiskcrm.orgtest.CreateOrganizationTest -->
