<?xml version="1.0" encoding="UTF-8"?>
<!-- Generated by org.testng.reporters.JUnitReportReporter -->
<testsuite skipped="0" hostname="pc" name="com.autodiskcrm.contact.ContactTest" tests="1" failures="0" timestamp="2020-08-05T09:25:35 IST" time="0.016" errors="0">
  <testcase name="createContact" time="0.016" classname="com.autodiskcrm.contact.ContactTest"/>
  <system-out/>
</testsuite> <!-- com.autodiskcrm.contact.ContactTest -->
